<?xml version="1.0" encoding="UTF-8"?>
<testng-results skipped="0" failed="0" total="1" passed="1">
  <reporter-output>
  </reporter-output>
  <suite name="Default suite" duration-ms="133" started-at="2020-06-05T02:58:24Z" finished-at="2020-06-05T02:58:24Z">
    <groups>
    </groups>
    <test name="Default test" duration-ms="133" started-at="2020-06-05T02:58:24Z" finished-at="2020-06-05T02:58:24Z">
      <class name="com.org.CucumberProject.RunnerClass">
        <test-method status="PASS" signature="a()[pri:0, instance:com.org.CucumberProject.RunnerClass@6cd8737]" name="a" duration-ms="74" started-at="2020-06-05T08:28:24Z" finished-at="2020-06-05T08:28:24Z">
          <reporter-output>
          </reporter-output>
        </test-method> <!-- a -->
      </class> <!-- com.org.CucumberProject.RunnerClass -->
    </test> <!-- Default test -->
  </suite> <!-- Default suite -->
</testng-results>
